# JRE version: Java(TM) SE Runtime Environment (8.0_131-b11) (build 1.8.0_131-b11)
# Java VM: Java HotSpot(TM) Client VM (25.131-b11 mixed mode windows-x86 )
Heap:
 def new generation   total 4928K, used 4401K [0x04c00000, 0x05150000, 0x0a150000)
  eden space 4416K,  88% used [0x04c00000, 0x04fcc668, 0x05050000)
  from space 512K, 100% used [0x05050000, 0x050d0000, 0x050d0000)
  to   space 512K,   0% used [0x050d0000, 0x050d0000, 0x05150000)
 tenured generation   total 10944K, used 3486K [0x0a150000, 0x0ac00000, 0x14c00000)
   the space 10944K,  31% used [0x0a150000, 0x0a4b78d0, 0x0a4b7a00, 0x0ac00000)
 Metaspace       used 7783K, capacity 7966K, committed 8064K, reserved 8576K
GC Heap History (4 events):
Event: 0.910 GC heap before
{Heap before GC invocations=0 (full 0):
 def new generation   total 4928K, used 4416K [0x04c00000, 0x05150000, 0x0a150000)
  eden space 4416K, 100% used [0x04c00000, 0x05050000, 0x05050000)
  from space 512K,   0% used [0x05050000, 0x05050000, 0x050d0000)
  to   space 512K,   0% used [0x050d0000, 0x050d0000, 0x05150000)
 tenured generation   total 10944K, used 0K [0x0a150000, 0x0ac00000, 0x14c00000)
   the space 10944K,   0% used [0x0a150000, 0x0a150000, 0x0a150200, 0x0ac00000)
 Metaspace       used 4903K, capacity 5063K, committed 5120K, reserved 5504K
Event: 0.914 GC heap after
Heap after GC invocations=1 (full 0):
 def new generation   total 4928K, used 512K [0x04c00000, 0x05150000, 0x0a150000)
  eden space 4416K,   0% used [0x04c00000, 0x04c00000, 0x05050000)
  from space 512K, 100% used [0x050d0000, 0x05150000, 0x05150000)
  to   space 512K,   0% used [0x05050000, 0x05050000, 0x050d0000)
 tenured generation   total 10944K, used 928K [0x0a150000, 0x0ac00000, 0x14c00000)
   the space 10944K,   8% used [0x0a150000, 0x0a238250, 0x0a238400, 0x0ac00000)
 Metaspace       used 4903K, capacity 5063K, committed 5120K, reserved 5504K
}
Event: 10.990 GC heap before
{Heap before GC invocations=1 (full 0):
 def new generation   total 4928K, used 4474K [0x04c00000, 0x05150000, 0x0a150000)
  eden space 4416K,  89% used [0x04c00000, 0x04fde888, 0x05050000)
  from space 512K, 100% used [0x050d0000, 0x05150000, 0x05150000)
  to   space 512K,   0% used [0x05050000, 0x05050000, 0x050d0000)
 tenured generation   total 10944K, used 928K [0x0a150000, 0x0ac00000, 0x14c00000)
   the space 10944K,   8% used [0x0a150000, 0x0a238250, 0x0a238400, 0x0ac00000)
 Metaspace       used 6589K, capacity 6764K, committed 6784K, reserved 7552K
Event: 10.996 GC heap after
Heap after GC invocations=2 (full 0):
 def new generation   total 4928K, used 512K [0x04c00000, 0x05150000, 0x0a150000)
  eden space 4416K,   0% used [0x04c00000, 0x04c00000, 0x05050000)
  from space 512K, 100% used [0x05050000, 0x050d0000, 0x050d0000)
  to   space 512K,   0% used [0x050d0000, 0x050d0000, 0x05150000)
 tenured generation   total 10944K, used 3486K [0x0a150000, 0x0ac00000, 0x14c00000)
   the space 10944K,  31% used [0x0a150000, 0x0a4b78d0, 0x0a4b7a00, 0x0ac00000)
 Metaspace       used 6589K, capacity 6764K, committed 6784K, reserved 7552K
}

